{"F:\\test\\login_page\\src\\components\\LoginForm.jsx": {"path":"F:\\test\\login_page\\src\\components\\LoginForm.jsx","statementMap":{"0":{"start":{"line":7,"column":28},"end":{"line":7,"column":40}},"1":{"start":{"line":8,"column":34},"end":{"line":8,"column":46}},"2":{"start":{"line":9,"column":38},"end":{"line":9,"column":52}},"3":{"start":{"line":10,"column":44},"end":{"line":10,"column":58}},"4":{"start":{"line":11,"column":28},"end":{"line":11,"column":40}},"5":{"start":{"line":12,"column":19},"end":{"line":12,"column":32}},"6":{"start":{"line":14,"column":22},"end":{"line":14,"column":95}},"7":{"start":{"line":16,"column":23},"end":{"line":42,"column":3}},"8":{"start":{"line":17,"column":4},"end":{"line":17,"column":23}},"9":{"start":{"line":18,"column":4},"end":{"line":18,"column":24}},"10":{"start":{"line":19,"column":4},"end":{"line":19,"column":27}},"11":{"start":{"line":20,"column":4},"end":{"line":20,"column":17}},"12":{"start":{"line":22,"column":21},"end":{"line":22,"column":47}},"13":{"start":{"line":23,"column":20},"end":{"line":23,"column":49}},"14":{"start":{"line":25,"column":19},"end":{"line":25,"column":24}},"15":{"start":{"line":26,"column":4},"end":{"line":29,"column":5}},"16":{"start":{"line":27,"column":6},"end":{"line":27,"column":41}},"17":{"start":{"line":28,"column":6},"end":{"line":28,"column":22}},"18":{"start":{"line":30,"column":4},"end":{"line":33,"column":5}},"19":{"start":{"line":31,"column":6},"end":{"line":31,"column":47}},"20":{"start":{"line":32,"column":6},"end":{"line":32,"column":22}},"21":{"start":{"line":34,"column":4},"end":{"line":34,"column":25}},"22":{"start":{"line":34,"column":18},"end":{"line":34,"column":25}},"23":{"start":{"line":36,"column":4},"end":{"line":40,"column":5}},"24":{"start":{"line":37,"column":6},"end":{"line":37,"column":57}},"25":{"start":{"line":41,"column":4},"end":{"line":41,"column":25}},"26":{"start":{"line":44,"column":2},"end":{"line":120,"column":4}},"27":{"start":{"line":57,"column":31},"end":{"line":57,"column":56}},"28":{"start":{"line":57,"column":57},"end":{"line":57,"column":93}},"29":{"start":{"line":57,"column":73},"end":{"line":57,"column":93}},"30":{"start":{"line":83,"column":31},"end":{"line":83,"column":59}},"31":{"start":{"line":83,"column":60},"end":{"line":83,"column":102}},"32":{"start":{"line":83,"column":79},"end":{"line":83,"column":102}},"33":{"start":{"line":84,"column":32},"end":{"line":84,"column":71}},"34":{"start":{"line":84,"column":55},"end":{"line":84,"column":71}},"35":{"start":{"line":112,"column":29},"end":{"line":112,"column":67}},"36":{"start":{"line":112,"column":47},"end":{"line":112,"column":67}}},"fnMap":{"0":{"name":"LoginForm","decl":{"start":{"line":6,"column":24},"end":{"line":6,"column":33}},"loc":{"start":{"line":6,"column":36},"end":{"line":121,"column":1}},"line":6},"1":{"name":"(anonymous_1)","decl":{"start":{"line":16,"column":23},"end":{"line":16,"column":24}},"loc":{"start":{"line":16,"column":30},"end":{"line":42,"column":3}},"line":16},"2":{"name":"(anonymous_2)","decl":{"start":{"line":57,"column":22},"end":{"line":57,"column":23}},"loc":{"start":{"line":57,"column":29},"end":{"line":57,"column":95}},"line":57},"3":{"name":"(anonymous_3)","decl":{"start":{"line":83,"column":22},"end":{"line":83,"column":23}},"loc":{"start":{"line":83,"column":29},"end":{"line":83,"column":104}},"line":83},"4":{"name":"(anonymous_4)","decl":{"start":{"line":84,"column":23},"end":{"line":84,"column":24}},"loc":{"start":{"line":84,"column":30},"end":{"line":84,"column":73}},"line":84},"5":{"name":"(anonymous_5)","decl":{"start":{"line":112,"column":19},"end":{"line":112,"column":20}},"loc":{"start":{"line":112,"column":27},"end":{"line":112,"column":69}},"line":112}},"branchMap":{"0":{"loc":{"start":{"line":14,"column":22},"end":{"line":14,"column":95}},"type":"binary-expr","locations":[{"start":{"line":14,"column":22},"end":{"line":14,"column":55}},{"start":{"line":14,"column":59},"end":{"line":14,"column":95}}],"line":14},"1":{"loc":{"start":{"line":14,"column":29},"end":{"line":14,"column":40}},"type":"binary-expr","locations":[{"start":{"line":14,"column":29},"end":{"line":14,"column":34}},{"start":{"line":14,"column":38},"end":{"line":14,"column":40}}],"line":14},"2":{"loc":{"start":{"line":14,"column":66},"end":{"line":14,"column":80}},"type":"binary-expr","locations":[{"start":{"line":14,"column":66},"end":{"line":14,"column":74}},{"start":{"line":14,"column":78},"end":{"line":14,"column":80}}],"line":14},"3":{"loc":{"start":{"line":22,"column":28},"end":{"line":22,"column":39}},"type":"binary-expr","locations":[{"start":{"line":22,"column":28},"end":{"line":22,"column":33}},{"start":{"line":22,"column":37},"end":{"line":22,"column":39}}],"line":22},"4":{"loc":{"start":{"line":23,"column":27},"end":{"line":23,"column":41}},"type":"binary-expr","locations":[{"start":{"line":23,"column":27},"end":{"line":23,"column":35}},{"start":{"line":23,"column":39},"end":{"line":23,"column":41}}],"line":23},"5":{"loc":{"start":{"line":26,"column":4},"end":{"line":29,"column":5}},"type":"if","locations":[{"start":{"line":26,"column":4},"end":{"line":29,"column":5}},{"start":{},"end":{}}],"line":26},"6":{"loc":{"start":{"line":30,"column":4},"end":{"line":33,"column":5}},"type":"if","locations":[{"start":{"line":30,"column":4},"end":{"line":33,"column":5}},{"start":{},"end":{}}],"line":30},"7":{"loc":{"start":{"line":34,"column":4},"end":{"line":34,"column":25}},"type":"if","locations":[{"start":{"line":34,"column":4},"end":{"line":34,"column":25}},{"start":{},"end":{}}],"line":34},"8":{"loc":{"start":{"line":57,"column":57},"end":{"line":57,"column":93}},"type":"if","locations":[{"start":{"line":57,"column":57},"end":{"line":57,"column":93}},{"start":{},"end":{}}],"line":57},"9":{"loc":{"start":{"line":58,"column":30},"end":{"line":58,"column":74}},"type":"cond-expr","locations":[{"start":{"line":58,"column":43},"end":{"line":58,"column":62}},{"start":{"line":58,"column":65},"end":{"line":58,"column":74}}],"line":58},"10":{"loc":{"start":{"line":59,"column":26},"end":{"line":59,"column":55}},"type":"cond-expr","locations":[{"start":{"line":59,"column":39},"end":{"line":59,"column":45}},{"start":{"line":59,"column":48},"end":{"line":59,"column":55}}],"line":59},"11":{"loc":{"start":{"line":67,"column":11},"end":{"line":71,"column":11}},"type":"binary-expr","locations":[{"start":{"line":67,"column":11},"end":{"line":67,"column":21}},{"start":{"line":68,"column":12},"end":{"line":70,"column":16}}],"line":67},"12":{"loc":{"start":{"line":83,"column":60},"end":{"line":83,"column":102}},"type":"if","locations":[{"start":{"line":83,"column":60},"end":{"line":83,"column":102}},{"start":{},"end":{}}],"line":83},"13":{"loc":{"start":{"line":84,"column":32},"end":{"line":84,"column":71}},"type":"if","locations":[{"start":{"line":84,"column":32},"end":{"line":84,"column":71}},{"start":{},"end":{}}],"line":84},"14":{"loc":{"start":{"line":85,"column":30},"end":{"line":85,"column":80}},"type":"cond-expr","locations":[{"start":{"line":85,"column":46},"end":{"line":85,"column":68}},{"start":{"line":85,"column":71},"end":{"line":85,"column":80}}],"line":85},"15":{"loc":{"start":{"line":86,"column":26},"end":{"line":86,"column":58}},"type":"cond-expr","locations":[{"start":{"line":86,"column":42},"end":{"line":86,"column":48}},{"start":{"line":86,"column":51},"end":{"line":86,"column":58}}],"line":86},"16":{"loc":{"start":{"line":93,"column":11},"end":{"line":97,"column":11}},"type":"binary-expr","locations":[{"start":{"line":93,"column":11},"end":{"line":93,"column":24}},{"start":{"line":94,"column":12},"end":{"line":96,"column":16}}],"line":93},"17":{"loc":{"start":{"line":100,"column":9},"end":{"line":104,"column":9}},"type":"binary-expr","locations":[{"start":{"line":100,"column":9},"end":{"line":100,"column":14}},{"start":{"line":101,"column":10},"end":{"line":103,"column":16}}],"line":100},"18":{"loc":{"start":{"line":108,"column":21},"end":{"line":108,"column":65}},"type":"cond-expr","locations":[{"start":{"line":108,"column":35},"end":{"line":108,"column":48}},{"start":{"line":108,"column":51},"end":{"line":108,"column":65}}],"line":108},"19":{"loc":{"start":{"line":112,"column":29},"end":{"line":112,"column":67}},"type":"if","locations":[{"start":{"line":112,"column":29},"end":{"line":112,"column":67}},{"start":{},"end":{}}],"line":112}},"s":{"0":20,"1":19,"2":19,"3":19,"4":19,"5":19,"6":15,"7":15,"8":0,"9":0,"10":0,"11":0,"12":0,"13":0,"14":0,"15":0,"16":0,"17":0,"18":0,"19":0,"20":0,"21":0,"22":0,"23":0,"24":0,"25":0,"26":15,"27":3,"28":3,"29":0,"30":4,"31":4,"32":0,"33":0,"34":0,"35":0,"36":0},"f":{"0":20,"1":0,"2":3,"3":4,"4":0,"5":0},"b":{"0":[15,6],"1":[15,9],"2":[6,4],"3":[0,0],"4":[0,0],"5":[0,0],"6":[0,0],"7":[0,0],"8":[0,3],"9":[0,15],"10":[0,15],"11":[15,0],"12":[0,4],"13":[0,0],"14":[0,15],"15":[0,15],"16":[15,0],"17":[15,0],"18":[2,13],"19":[0,0]},"_coverageSchema":"1a1c01bbd47fc00a2c39e90264f33305004495a9","hash":"7c98ae7e5c204aca311390fdb5775c758bca55ed"}
,"F:\\test\\login_page\\src\\components\\LoginForm\\validation.js": {"path":"F:\\test\\login_page\\src\\components\\LoginForm\\validation.js","statementMap":{"0":{"start":{"line":8,"column":17},"end":{"line":8,"column":19}},"1":{"start":{"line":9,"column":12},"end":{"line":9,"column":53}},"2":{"start":{"line":10,"column":12},"end":{"line":10,"column":59}},"3":{"start":{"line":11,"column":2},"end":{"line":11,"column":57}},"4":{"start":{"line":11,"column":22},"end":{"line":11,"column":57}},"5":{"start":{"line":12,"column":2},"end":{"line":12,"column":63}},"6":{"start":{"line":12,"column":22},"end":{"line":12,"column":63}},"7":{"start":{"line":13,"column":2},"end":{"line":13,"column":63}}},"fnMap":{"0":{"name":"validateLoginForm","decl":{"start":{"line":7,"column":16},"end":{"line":7,"column":33}},"loc":{"start":{"line":7,"column":51},"end":{"line":14,"column":1}},"line":7}},"branchMap":{"0":{"loc":{"start":{"line":9,"column":12},"end":{"line":9,"column":53}},"type":"cond-expr","locations":[{"start":{"line":9,"column":28},"end":{"line":9,"column":30}},{"start":{"line":9,"column":33},"end":{"line":9,"column":53}}],"line":9},"1":{"loc":{"start":{"line":10,"column":12},"end":{"line":10,"column":59}},"type":"cond-expr","locations":[{"start":{"line":10,"column":31},"end":{"line":10,"column":33}},{"start":{"line":10,"column":36},"end":{"line":10,"column":59}}],"line":10},"2":{"loc":{"start":{"line":11,"column":2},"end":{"line":11,"column":57}},"type":"if","locations":[{"start":{"line":11,"column":2},"end":{"line":11,"column":57}},{"start":{},"end":{}}],"line":11},"3":{"loc":{"start":{"line":12,"column":2},"end":{"line":12,"column":63}},"type":"if","locations":[{"start":{"line":12,"column":2},"end":{"line":12,"column":63}},{"start":{},"end":{}}],"line":12}},"s":{"0":4,"1":4,"2":4,"3":4,"4":2,"5":4,"6":2,"7":4},"f":{"0":4},"b":{"0":[0,4],"1":[0,4],"2":[2,2],"3":[2,2]},"_coverageSchema":"1a1c01bbd47fc00a2c39e90264f33305004495a9","hash":"7b99456f11a15e866afb1524d0493f77ec391a38"}
,"F:\\test\\login_page\\src\\pages\\LoginPage.jsx": {"path":"F:\\test\\login_page\\src\\pages\\LoginPage.jsx","statementMap":{"0":{"start":{"line":5,"column":2},"end":{"line":9,"column":4}}},"fnMap":{"0":{"name":"LoginPage","decl":{"start":{"line":4,"column":24},"end":{"line":4,"column":33}},"loc":{"start":{"line":4,"column":36},"end":{"line":10,"column":1}},"line":4}},"branchMap":{},"s":{"0":8},"f":{"0":8},"b":{},"_coverageSchema":"1a1c01bbd47fc00a2c39e90264f33305004495a9","hash":"0742ddbd248d61fac81b0255d9831f88a6f28cea"}
}
