{"total": {"lines":{"total":37,"covered":18,"skipped":0,"pct":48.64},"statements":{"total":46,"covered":22,"skipped":0,"pct":47.82},"functions":{"total":8,"covered":5,"skipped":0,"pct":62.5},"branches":{"total":48,"covered":23,"skipped":0,"pct":47.91},"branchesTrue":{"total":0,"covered":0,"skipped":0,"pct":100}}
,"F:\\test\\login_page\\src\\components\\LoginForm.jsx": {"lines":{"total":30,"covered":11,"skipped":0,"pct":36.66},"functions":{"total":6,"covered":3,"skipped":0,"pct":50},"statements":{"total":37,"covered":13,"skipped":0,"pct":35.13},"branches":{"total":40,"covered":17,"skipped":0,"pct":42.5}}
,"F:\\test\\login_page\\src\\components\\LoginForm\\validation.js": {"lines":{"total":6,"covered":6,"skipped":0,"pct":100},"functions":{"total":1,"covered":1,"skipped":0,"pct":100},"statements":{"total":8,"covered":8,"skipped":0,"pct":100},"branches":{"total":8,"covered":6,"skipped":0,"pct":75}}
,"F:\\test\\login_page\\src\\pages\\LoginPage.jsx": {"lines":{"total":1,"covered":1,"skipped":0,"pct":100},"functions":{"total":1,"covered":1,"skipped":0,"pct":100},"statements":{"total":1,"covered":1,"skipped":0,"pct":100},"branches":{"total":0,"covered":0,"skipped":0,"pct":100}}
}
