TN:
SF:src\components\LoginForm.jsx
FN:6,LoginForm
FN:16,(anonymous_1)
FN:57,(anonymous_2)
FN:83,(anonymous_3)
FN:84,(anonymous_4)
FN:112,(anonymous_5)
FNF:6
FNH:3
FNDA:20,LoginForm
FNDA:0,(anonymous_1)
FNDA:3,(anonymous_2)
FNDA:4,(anonymous_3)
FNDA:0,(anonymous_4)
FNDA:0,(anonymous_5)
DA:7,20
DA:8,19
DA:9,19
DA:10,19
DA:11,19
DA:12,19
DA:14,15
DA:16,15
DA:17,0
DA:18,0
DA:19,0
DA:20,0
DA:22,0
DA:23,0
DA:25,0
DA:26,0
DA:27,0
DA:28,0
DA:30,0
DA:31,0
DA:32,0
DA:34,0
DA:36,0
DA:37,0
DA:41,0
DA:44,15
DA:57,3
DA:83,4
DA:84,0
DA:112,0
LF:30
LH:11
BRDA:14,0,0,15
BRDA:14,0,1,6
BRDA:14,1,0,15
BRDA:14,1,1,9
BRDA:14,2,0,6
BRDA:14,2,1,4
BRDA:22,3,0,0
BRDA:22,3,1,0
BRDA:23,4,0,0
BRDA:23,4,1,0
BRDA:26,5,0,0
BRDA:26,5,1,0
BRDA:30,6,0,0
BRDA:30,6,1,0
BRDA:34,7,0,0
BRDA:34,7,1,0
BRDA:57,8,0,0
BRDA:57,8,1,3
BRDA:58,9,0,0
BRDA:58,9,1,15
BRDA:59,10,0,0
BRDA:59,10,1,15
BRDA:67,11,0,15
BRDA:67,11,1,0
BRDA:83,12,0,0
BRDA:83,12,1,4
BRDA:84,13,0,0
BRDA:84,13,1,0
BRDA:85,14,0,0
BRDA:85,14,1,15
BRDA:86,15,0,0
BRDA:86,15,1,15
BRDA:93,16,0,15
BRDA:93,16,1,0
BRDA:100,17,0,15
BRDA:100,17,1,0
BRDA:108,18,0,2
BRDA:108,18,1,13
BRDA:112,19,0,0
BRDA:112,19,1,0
BRF:40
BRH:17
end_of_record
TN:
SF:src\components\LoginForm\validation.js
FN:7,validateLoginForm
FNF:1
FNH:1
FNDA:4,validateLoginForm
DA:8,4
DA:9,4
DA:10,4
DA:11,4
DA:12,4
DA:13,4
LF:6
LH:6
BRDA:9,0,0,0
BRDA:9,0,1,4
BRDA:10,1,0,0
BRDA:10,1,1,4
BRDA:11,2,0,2
BRDA:11,2,1,2
BRDA:12,3,0,2
BRDA:12,3,1,2
BRF:8
BRH:6
end_of_record
TN:
SF:src\pages\LoginPage.jsx
FN:4,LoginPage
FNF:1
FNH:1
FNDA:8,LoginPage
DA:5,8
LF:1
LH:1
BRF:0
BRH:0
end_of_record
